[1.018s] Invoking command in '/home/udit/ros2_ws/build/line_follower': DEBUGINFOD_URLS=https://debuginfod.ubuntu.com PYTHONPATH=/home/udit/ros2_ws/build/line_follower/prefix_override:/usr/lib/python3/dist-packages/colcon_core/task/python/colcon_distutils_commands:/home/udit/ros2_ws/install/line_follower/lib/python3.12/site-packages:${PYTHONPATH} /usr/bin/python3 -W ignore:setup.py install is deprecated -W ignore:easy_install command is deprecated setup.py develop --editable --build-directory /home/udit/ros2_ws/build/line_follower/build --no-deps symlink_data
[1.509s] running develop
[1.721s] running egg_info
[1.721s] creating line_follower.egg-info
[1.734s] writing line_follower.egg-info/PKG-INFO
[1.736s] writing dependency_links to line_follower.egg-info/dependency_links.txt
[1.737s] writing entry points to line_follower.egg-info/entry_points.txt
[1.737s] writing requirements to line_follower.egg-info/requires.txt
[1.737s] writing top-level names to line_follower.egg-info/top_level.txt
[1.737s] writing manifest file 'line_follower.egg-info/SOURCES.txt'
[1.774s] reading manifest file 'line_follower.egg-info/SOURCES.txt'
[1.779s] writing manifest file 'line_follower.egg-info/SOURCES.txt'
[1.796s] running build_ext
[1.796s] Creating /home/udit/ros2_ws/install/line_follower/lib/python3.12/site-packages/line-follower.egg-link (link to .)
[1.796s] Installing follower_node script to /home/udit/ros2_ws/install/line_follower/lib/line_follower
[1.796s] 
[1.796s] Installed /home/udit/ros2_ws/build/line_follower
[1.797s] running symlink_data
[1.799s] creating /home/udit/ros2_ws/install/line_follower/share
[1.799s] creating /home/udit/ros2_ws/install/line_follower/share/ament_index
[1.799s] creating /home/udit/ros2_ws/install/line_follower/share/ament_index/resource_index
[1.799s] creating /home/udit/ros2_ws/install/line_follower/share/ament_index/resource_index/packages
[1.799s] symbolically linking /home/udit/ros2_ws/build/line_follower/resource/line_follower -> /home/udit/ros2_ws/install/line_follower/share/ament_index/resource_index/packages
[1.799s] creating /home/udit/ros2_ws/install/line_follower/share/line_follower
[1.799s] symbolically linking /home/udit/ros2_ws/build/line_follower/package.xml -> /home/udit/ros2_ws/install/line_follower/share/line_follower
[1.855s] Invoked command in '/home/udit/ros2_ws/build/line_follower' returned '0': DEBUGINFOD_URLS=https://debuginfod.ubuntu.com PYTHONPATH=/home/udit/ros2_ws/build/line_follower/prefix_override:/usr/lib/python3/dist-packages/colcon_core/task/python/colcon_distutils_commands:/home/udit/ros2_ws/install/line_follower/lib/python3.12/site-packages:${PYTHONPATH} /usr/bin/python3 -W ignore:setup.py install is deprecated -W ignore:easy_install command is deprecated setup.py develop --editable --build-directory /home/udit/ros2_ws/build/line_follower/build --no-deps symlink_data
